2020-10-08 02:00:08,956 - root - INFO - Input and Scheduling successful
2020-10-08 02:00:08,962 - root - INFO - Voice Recognition code block executed
2020-10-08 08:45:01,053 - schedule - INFO - Running job Every 1 day at 08:45:00 do start('94720754724', '511008') (last run: [never], next run: 2020-10-08 08:45:00)
2020-10-08 08:45:01,054 - root - INFO - Join meeting function triggered
2020-10-08 08:45:06,458 - root - WARNING - Nvidia recording aint working, will start windows game bar recording
2020-10-08 08:45:35,318 - root - INFO - Windows GameBar recording started
2020-10-08 08:45:35,321 - root - WARNING - MEETING NOT ACTIVE
2020-10-08 08:45:55,321 - root - WARNING - MEETING NOT ACTIVE
2020-10-08 08:46:15,322 - root - WARNING - MEETING NOT ACTIVE
2020-10-08 08:46:35,326 - root - WARNING - MEETING NOT ACTIVE
2020-10-08 08:46:55,327 - root - WARNING - MEETING NOT ACTIVE
2020-10-08 08:47:15,328 - root - WARNING - MEETING NOT ACTIVE
2020-10-08 08:47:35,328 - root - WARNING - MEETING NOT ACTIVE
2020-10-08 08:47:55,331 - root - WARNING - MEETING NOT ACTIVE
2020-10-08 08:48:15,331 - root - INFO - Meeting is active
2020-10-08 08:48:35,331 - root - INFO - Meeting is active
2020-10-08 08:48:55,332 - root - INFO - Meeting is active
2020-10-08 08:49:15,332 - root - INFO - Meeting is active
2020-10-08 08:49:35,333 - root - INFO - Meeting is active
2020-10-08 08:49:55,333 - root - INFO - Meeting is active
2020-10-08 08:50:15,334 - root - INFO - Meeting is active
2020-10-08 08:50:35,335 - root - INFO - Meeting is active
2020-10-08 08:50:55,335 - root - INFO - Meeting is active
2020-10-08 08:51:15,336 - root - INFO - Meeting is active
2020-10-08 08:51:35,337 - root - INFO - Meeting is active
2020-10-08 08:51:55,337 - root - INFO - Meeting is active
2020-10-08 08:52:15,337 - root - INFO - Meeting is active
2020-10-08 08:52:35,337 - root - INFO - Meeting is active
2020-10-08 08:52:55,337 - root - INFO - Meeting is active
2020-10-08 08:53:15,338 - root - INFO - Meeting is active
2020-10-08 08:53:35,339 - root - INFO - Meeting is active
2020-10-08 08:53:55,340 - root - INFO - Meeting is active
2020-10-08 08:54:15,340 - root - INFO - Meeting is active
2020-10-08 08:54:35,341 - root - INFO - Meeting is active
2020-10-08 08:54:55,341 - root - INFO - Meeting is active
2020-10-08 08:55:15,342 - root - INFO - Meeting is active
2020-10-08 08:55:35,343 - root - INFO - Meeting is active
2020-10-08 08:55:55,344 - root - INFO - Meeting is active
2020-10-08 08:56:15,345 - root - INFO - Meeting is active
2020-10-08 08:56:35,345 - root - INFO - Meeting is active
2020-10-08 08:56:55,346 - root - INFO - Meeting is active
2020-10-08 08:57:15,347 - root - INFO - Meeting is active
2020-10-08 08:57:35,348 - root - INFO - Meeting is active
2020-10-08 08:57:55,348 - root - INFO - Meeting is active
2020-10-08 08:58:15,348 - root - INFO - Meeting is active
2020-10-08 08:58:35,348 - root - INFO - Meeting is active
2020-10-08 08:58:55,349 - root - INFO - Meeting is active
2020-10-08 08:59:15,349 - root - INFO - Meeting is active
2020-10-08 08:59:35,350 - root - INFO - Meeting is active
2020-10-08 08:59:55,350 - root - INFO - Meeting is active
2020-10-08 09:00:15,351 - root - INFO - Meeting is active
2020-10-08 09:00:35,352 - root - INFO - Meeting is active
2020-10-08 09:00:55,352 - root - INFO - Meeting is active
2020-10-08 09:01:15,353 - root - INFO - Meeting is active
2020-10-08 09:01:35,353 - root - INFO - Meeting is active
2020-10-08 09:01:55,354 - root - INFO - Meeting is active
2020-10-08 09:02:15,354 - root - INFO - Meeting is active
2020-10-08 09:02:35,355 - root - INFO - Meeting is active
2020-10-08 09:02:55,356 - root - INFO - Meeting is active
2020-10-08 09:03:15,357 - root - INFO - Meeting is active
2020-10-08 09:03:35,358 - root - INFO - Meeting is active
2020-10-08 09:03:55,358 - root - INFO - Meeting is active
2020-10-08 09:04:15,358 - root - INFO - Meeting is active
2020-10-08 09:04:35,359 - root - INFO - Meeting is active
2020-10-08 09:04:55,360 - root - INFO - Meeting is active
2020-10-08 09:05:15,360 - root - INFO - Meeting is active
2020-10-08 09:05:35,361 - root - INFO - Meeting is active
2020-10-08 09:05:55,361 - root - INFO - Meeting is active
2020-10-08 09:06:15,362 - root - INFO - Meeting is active
2020-10-08 09:06:35,362 - root - INFO - Meeting is active
2020-10-08 09:06:55,362 - root - INFO - Meeting is active
2020-10-08 09:07:15,362 - root - INFO - Meeting is active
2020-10-08 09:07:35,363 - root - INFO - Meeting is active
2020-10-08 09:07:55,364 - root - INFO - Meeting is active
2020-10-08 09:08:15,365 - root - INFO - Meeting is active
2020-10-08 09:08:35,366 - root - INFO - Meeting is active
2020-10-08 09:08:55,366 - root - INFO - Meeting is active
2020-10-08 09:09:15,366 - root - INFO - Meeting is active
2020-10-08 09:09:35,367 - root - INFO - Meeting is active
2020-10-08 09:09:55,368 - root - INFO - Meeting is active
2020-10-08 09:10:15,369 - root - INFO - Meeting is active
2020-10-08 09:10:35,369 - root - INFO - Meeting is active
2020-10-08 09:10:55,370 - root - INFO - Meeting is active
2020-10-08 09:11:15,371 - root - INFO - Meeting is active
2020-10-08 09:11:35,371 - root - INFO - Meeting is active
2020-10-08 09:11:55,372 - root - INFO - Meeting is active
2020-10-08 09:12:15,373 - root - INFO - Meeting is active
2020-10-08 09:12:35,373 - root - INFO - Meeting is active
2020-10-08 09:12:55,374 - root - INFO - Meeting is active
2020-10-08 09:13:15,376 - root - INFO - Meeting is active
2020-10-08 09:13:35,376 - root - INFO - Meeting is active
2020-10-08 09:13:55,377 - root - INFO - Meeting is active
2020-10-08 09:14:15,377 - root - INFO - Meeting is active
2020-10-08 09:14:35,377 - root - INFO - Meeting is active
2020-10-08 09:14:55,378 - root - INFO - Meeting is active
2020-10-08 09:15:15,379 - root - INFO - Meeting is active
2020-10-08 09:15:35,380 - root - INFO - Meeting is active
2020-10-08 09:15:55,380 - root - INFO - Meeting is active
2020-10-08 09:16:15,381 - root - INFO - Meeting is active
2020-10-08 09:16:35,381 - root - INFO - Meeting is active
2020-10-08 09:16:55,381 - root - INFO - Meeting is active
2020-10-08 09:17:15,385 - root - INFO - Meeting is active
2020-10-08 09:17:35,385 - root - INFO - Meeting is active
2020-10-08 09:17:55,386 - root - INFO - Meeting is active
2020-10-08 09:18:15,386 - root - INFO - Meeting is active
2020-10-08 09:18:35,386 - root - INFO - Meeting is active
2020-10-08 09:18:55,386 - root - INFO - Meeting is active
2020-10-08 09:19:15,386 - root - INFO - Meeting is active
2020-10-08 09:19:35,386 - root - INFO - Meeting is active
2020-10-08 09:19:55,387 - root - INFO - Meeting is active
2020-10-08 09:20:15,387 - root - INFO - Meeting is active
2020-10-08 09:20:35,388 - root - INFO - Meeting is active
2020-10-08 09:20:55,389 - root - INFO - Meeting is active
2020-10-08 09:21:15,390 - root - INFO - Meeting is active
2020-10-08 09:21:35,390 - root - INFO - Meeting is active
2020-10-08 09:21:55,391 - root - INFO - Meeting is active
2020-10-08 09:22:15,391 - root - INFO - Meeting is active
2020-10-08 09:22:35,392 - root - INFO - Meeting is active
2020-10-08 09:22:55,392 - root - INFO - Meeting is active
2020-10-08 09:23:15,392 - root - INFO - Meeting is active
2020-10-08 09:23:35,393 - root - INFO - Meeting is active
2020-10-08 09:23:55,394 - root - INFO - Meeting is active
2020-10-08 09:24:15,395 - root - INFO - Meeting is active
2020-10-08 09:24:35,396 - root - INFO - Meeting is active
2020-10-08 09:24:55,396 - root - INFO - Meeting is active
2020-10-08 09:25:15,397 - root - INFO - Meeting is active
2020-10-08 09:25:35,398 - root - INFO - Meeting is active
2020-10-08 09:25:55,399 - root - INFO - Meeting is active
2020-10-08 09:26:15,400 - root - INFO - Meeting is active
2020-10-08 09:26:35,401 - root - INFO - Meeting is active
2020-10-08 09:26:55,402 - root - INFO - Meeting is active
2020-10-08 09:27:15,402 - root - INFO - Meeting is active
2020-10-08 09:27:35,403 - root - INFO - Meeting is active
2020-10-08 09:27:55,403 - root - INFO - Meeting is active
2020-10-08 09:28:15,404 - root - INFO - Meeting is active
2020-10-08 09:28:35,405 - root - INFO - Meeting is active
2020-10-08 09:28:55,405 - root - INFO - Meeting is active
2020-10-08 09:29:15,406 - root - INFO - Meeting is active
2020-10-08 09:29:35,407 - root - INFO - Meeting is active
2020-10-08 09:29:55,407 - root - INFO - Meeting is active
2020-10-08 09:30:15,407 - root - INFO - Meeting is active
2020-10-08 09:30:35,408 - root - INFO - Meeting is active
2020-10-08 09:30:55,409 - root - INFO - Meeting is active
2020-10-08 09:31:15,409 - root - INFO - Meeting is active
2020-10-08 09:31:35,410 - root - INFO - Meeting is active
2020-10-08 09:31:55,413 - root - WARNING - MEETING NOT ACTIVE
2020-10-08 09:32:15,415 - root - INFO - Meeting is active
2020-10-08 09:32:35,415 - root - INFO - Meeting is active
2020-10-08 09:32:55,415 - root - INFO - Meeting is active
2020-10-08 09:33:15,416 - root - INFO - Meeting is active
2020-10-08 09:33:35,416 - root - INFO - Meeting is active
2020-10-08 09:33:55,417 - root - INFO - Meeting is active
2020-10-08 09:34:15,417 - root - INFO - Meeting is active
2020-10-08 09:34:35,417 - root - INFO - Meeting is active
2020-10-08 09:34:55,417 - root - INFO - Meeting is active
2020-10-08 09:35:15,418 - root - INFO - Meeting is active
2020-10-08 09:35:35,418 - root - INFO - Meeting is active
2020-10-08 09:35:55,418 - root - INFO - Meeting is active
2020-10-08 09:36:15,419 - root - INFO - Meeting is active
2020-10-08 09:36:35,419 - root - INFO - Meeting is active
2020-10-08 09:36:55,420 - root - INFO - Meeting is active
2020-10-08 09:37:15,420 - root - INFO - Meeting is active
2020-10-08 09:37:35,420 - root - INFO - Meeting is active
2020-10-08 09:37:55,422 - root - INFO - Meeting is active
2020-10-08 09:38:15,423 - root - INFO - Meeting is active
2020-10-08 09:38:35,423 - root - INFO - Meeting is active
2020-10-08 09:38:55,423 - root - INFO - Meeting is active
2020-10-08 09:39:15,425 - root - INFO - Meeting is active
2020-10-08 09:39:35,425 - root - INFO - Meeting is active
2020-10-08 09:39:55,426 - root - INFO - Meeting is active
2020-10-08 09:40:15,426 - root - INFO - Meeting is active
2020-10-08 09:40:35,427 - root - INFO - Meeting is active
2020-10-08 09:40:55,427 - root - INFO - Meeting is active
2020-10-08 09:41:15,427 - root - INFO - Meeting is active
2020-10-08 09:41:35,428 - root - INFO - Meeting is active
2020-10-08 09:41:55,429 - root - INFO - Meeting is active
2020-10-08 09:42:15,429 - root - INFO - Meeting is active
2020-10-08 09:42:35,429 - root - INFO - Meeting is active
2020-10-08 09:42:55,430 - root - INFO - Meeting is active
2020-10-08 09:43:15,431 - root - INFO - Meeting is active
2020-10-08 09:43:35,432 - root - INFO - Meeting is active
2020-10-08 09:43:55,432 - root - INFO - Meeting is active
2020-10-08 09:44:15,432 - root - INFO - Meeting is active
2020-10-08 09:44:35,433 - root - INFO - Meeting is active
2020-10-08 09:44:55,434 - root - INFO - Meeting is active
2020-10-08 09:45:15,434 - root - INFO - Meeting is active
2020-10-08 09:45:35,435 - root - INFO - Meeting is active
2020-10-08 09:45:55,435 - root - INFO - Meeting is active
2020-10-08 09:46:15,436 - root - INFO - Meeting is active
2020-10-08 09:46:35,436 - root - INFO - Meeting is active
2020-10-08 09:46:55,436 - root - INFO - Meeting is active
2020-10-08 09:47:15,437 - root - INFO - Meeting is active
2020-10-08 09:47:35,438 - root - INFO - Meeting is active
2020-10-08 09:47:55,438 - root - INFO - Meeting is active
2020-10-08 09:48:15,439 - root - INFO - Meeting is active
2020-10-08 09:48:35,618 - root - WARNING - MEETING NOT ACTIVE
2020-10-08 09:48:55,619 - root - INFO - Meeting is active
2020-10-08 09:49:15,634 - root - WARNING - MEETING NOT ACTIVE
2020-10-08 09:49:35,638 - root - WARNING - MEETING NOT ACTIVE
2020-10-08 09:49:55,638 - root - WARNING - MEETING NOT ACTIVE
2020-10-08 09:50:15,638 - root - WARNING - MEETING NOT ACTIVE
2020-10-08 09:50:35,639 - root - WARNING - MEETING NOT ACTIVE
2020-10-08 09:50:55,639 - root - WARNING - MEETING NOT ACTIVE
2020-10-08 09:51:15,641 - root - WARNING - MEETING NOT ACTIVE
2020-10-08 09:51:35,642 - root - WARNING - MEETING NOT ACTIVE
2020-10-08 09:51:55,643 - root - WARNING - MEETING NOT ACTIVE
2020-10-08 09:52:15,643 - root - WARNING - MEETING NOT ACTIVE
2020-10-08 09:52:35,645 - root - WARNING - MEETING NOT ACTIVE
2020-10-08 09:52:55,646 - root - WARNING - MEETING NOT ACTIVE
2020-10-08 09:53:15,648 - root - WARNING - MEETING NOT ACTIVE
2020-10-08 09:53:35,648 - root - WARNING - MEETING NOT ACTIVE
2020-10-08 09:53:55,649 - root - WARNING - MEETING NOT ACTIVE
2020-10-08 09:54:15,650 - root - WARNING - MEETING NOT ACTIVE
2020-10-08 09:54:35,651 - root - WARNING - MEETING NOT ACTIVE
2020-10-08 09:54:55,652 - root - WARNING - MEETING NOT ACTIVE
2020-10-08 09:55:15,654 - root - WARNING - MEETING NOT ACTIVE
2020-10-08 09:55:35,655 - root - WARNING - MEETING NOT ACTIVE
2020-10-08 09:55:55,656 - root - WARNING - MEETING NOT ACTIVE
2020-10-08 09:56:15,656 - root - WARNING - MEETING NOT ACTIVE
2020-10-08 09:56:35,657 - root - WARNING - MEETING NOT ACTIVE
2020-10-08 09:56:55,657 - root - WARNING - MEETING NOT ACTIVE
2020-10-08 09:57:15,658 - root - WARNING - MEETING NOT ACTIVE
2020-10-08 09:57:35,673 - root - WARNING - MEETING NOT ACTIVE
2020-10-08 09:57:55,674 - root - WARNING - MEETING NOT ACTIVE
2020-10-08 09:58:15,675 - root - WARNING - MEETING NOT ACTIVE
2020-10-08 09:58:35,675 - root - WARNING - MEETING NOT ACTIVE
2020-10-08 09:58:55,676 - root - WARNING - MEETING NOT ACTIVE
2020-10-08 09:59:15,698 - root - WARNING - MEETING NOT ACTIVE
2020-10-08 09:59:35,704 - root - WARNING - MEETING NOT ACTIVE
2020-10-08 09:59:55,711 - root - WARNING - MEETING NOT ACTIVE
2020-10-08 10:00:15,712 - root - WARNING - MEETING NOT ACTIVE
2020-10-08 10:00:35,726 - root - WARNING - MEETING NOT ACTIVE
2020-10-08 10:00:55,813 - root - WARNING - MEETING NOT ACTIVE
2020-10-08 10:01:15,820 - root - WARNING - MEETING NOT ACTIVE
2020-10-08 10:01:35,845 - root - WARNING - MEETING NOT ACTIVE
2020-10-08 10:01:55,848 - root - WARNING - MEETING NOT ACTIVE
2020-10-08 10:02:15,852 - root - WARNING - MEETING NOT ACTIVE
2020-10-08 10:02:35,854 - root - WARNING - MEETING NOT ACTIVE
2020-10-08 10:02:55,854 - root - WARNING - MEETING NOT ACTIVE
2020-10-08 10:03:15,854 - root - WARNING - MEETING NOT ACTIVE
2020-10-08 10:03:35,854 - root - WARNING - MEETING NOT ACTIVE
2020-10-08 10:03:55,855 - root - WARNING - MEETING NOT ACTIVE
2020-10-08 10:04:15,856 - root - WARNING - MEETING NOT ACTIVE
2020-10-08 10:04:35,856 - root - WARNING - MEETING NOT ACTIVE
2020-10-08 10:04:55,857 - root - WARNING - MEETING NOT ACTIVE
2020-10-08 10:05:15,858 - root - WARNING - MEETING NOT ACTIVE
2020-10-08 10:05:35,858 - root - WARNING - MEETING NOT ACTIVE
2020-10-08 10:10:00,123 - schedule - INFO - Running job Every 1 day at 10:10:00 do start('96592516643', '511008') (last run: [never], next run: 2020-10-08 10:10:00)
2020-10-08 10:10:00,124 - root - INFO - Join meeting function triggered
2020-10-08 10:10:05,127 - root - WARNING - Nvidia recording aint working, will start windows game bar recording
2020-10-08 10:10:37,653 - root - INFO - Windows GameBar recording started
2020-10-08 10:10:37,654 - root - WARNING - MEETING NOT ACTIVE
2020-10-08 10:10:57,656 - root - WARNING - MEETING NOT ACTIVE
2020-10-08 10:11:17,656 - root - WARNING - MEETING NOT ACTIVE
2020-10-08 10:11:37,665 - root - WARNING - MEETING NOT ACTIVE
2020-10-08 10:11:57,665 - root - WARNING - MEETING NOT ACTIVE
2020-10-08 10:12:17,665 - root - WARNING - MEETING NOT ACTIVE
2020-10-08 10:12:37,666 - root - WARNING - MEETING NOT ACTIVE
2020-10-08 10:12:57,666 - root - WARNING - MEETING NOT ACTIVE
2020-10-08 10:13:17,666 - root - WARNING - MEETING NOT ACTIVE
2020-10-08 10:13:37,666 - root - WARNING - MEETING NOT ACTIVE
2020-10-08 10:13:57,668 - root - WARNING - MEETING NOT ACTIVE
2020-10-08 10:14:17,673 - root - WARNING - MEETING NOT ACTIVE
2020-10-08 10:14:37,673 - root - WARNING - MEETING NOT ACTIVE
2020-10-08 10:14:57,674 - root - WARNING - MEETING NOT ACTIVE
2020-10-08 10:15:17,674 - root - WARNING - MEETING NOT ACTIVE
2020-10-08 10:15:37,676 - root - WARNING - MEETING NOT ACTIVE
2020-10-08 10:15:57,677 - root - WARNING - MEETING NOT ACTIVE
2020-10-08 10:16:17,677 - root - WARNING - MEETING NOT ACTIVE
2020-10-08 10:16:37,677 - root - WARNING - MEETING NOT ACTIVE
2020-10-08 10:16:57,678 - root - WARNING - MEETING NOT ACTIVE
2020-10-08 10:17:17,679 - root - WARNING - MEETING NOT ACTIVE
2020-10-08 10:17:37,680 - root - WARNING - MEETING NOT ACTIVE
2020-10-08 10:17:57,680 - root - WARNING - MEETING NOT ACTIVE
2020-10-08 10:18:17,680 - root - WARNING - MEETING NOT ACTIVE
2020-10-08 10:18:37,681 - root - WARNING - MEETING NOT ACTIVE
2020-10-08 10:18:57,681 - root - WARNING - MEETING NOT ACTIVE
2020-10-08 10:19:17,681 - root - WARNING - MEETING NOT ACTIVE
2020-10-08 10:19:37,682 - root - WARNING - MEETING NOT ACTIVE
2020-10-08 10:19:57,683 - root - WARNING - MEETING NOT ACTIVE
2020-10-08 10:20:17,683 - root - WARNING - MEETING NOT ACTIVE
2020-10-08 10:20:37,684 - root - WARNING - MEETING NOT ACTIVE
2020-10-08 10:20:57,685 - root - WARNING - MEETING NOT ACTIVE
2020-10-08 10:21:17,685 - root - WARNING - MEETING NOT ACTIVE
2020-10-08 10:21:37,686 - root - WARNING - MEETING NOT ACTIVE
2020-10-08 10:21:57,686 - root - WARNING - MEETING NOT ACTIVE
2020-10-08 10:22:17,687 - root - WARNING - MEETING NOT ACTIVE
2020-10-08 10:22:37,687 - root - WARNING - MEETING NOT ACTIVE
2020-10-08 10:22:57,687 - root - WARNING - MEETING NOT ACTIVE
2020-10-08 10:23:17,687 - root - WARNING - MEETING NOT ACTIVE
2020-10-08 10:23:37,688 - root - WARNING - MEETING NOT ACTIVE
2020-10-08 10:23:57,689 - root - WARNING - MEETING NOT ACTIVE
2020-10-08 10:24:17,689 - root - WARNING - MEETING NOT ACTIVE
2020-10-08 10:24:37,691 - root - WARNING - MEETING NOT ACTIVE
2020-10-08 10:24:57,691 - root - WARNING - MEETING NOT ACTIVE
2020-10-08 10:25:17,692 - root - WARNING - MEETING NOT ACTIVE
2020-10-08 10:25:37,693 - root - WARNING - MEETING NOT ACTIVE
2020-10-08 10:25:57,693 - root - WARNING - MEETING NOT ACTIVE
2020-10-08 10:26:17,694 - root - WARNING - MEETING NOT ACTIVE
2020-10-08 10:26:37,694 - root - WARNING - MEETING NOT ACTIVE
2020-10-08 10:26:57,694 - root - WARNING - MEETING NOT ACTIVE
2020-10-08 10:27:17,695 - root - WARNING - MEETING NOT ACTIVE
2020-10-08 10:27:37,696 - root - WARNING - MEETING NOT ACTIVE
2020-10-08 10:27:57,696 - root - WARNING - MEETING NOT ACTIVE
2020-10-08 10:28:17,697 - root - WARNING - MEETING NOT ACTIVE
2020-10-08 10:28:37,697 - root - WARNING - MEETING NOT ACTIVE
2020-10-08 10:28:57,698 - root - WARNING - MEETING NOT ACTIVE
2020-10-08 10:29:17,699 - root - WARNING - MEETING NOT ACTIVE
2020-10-08 10:29:37,699 - root - WARNING - MEETING NOT ACTIVE
2020-10-08 10:29:57,700 - root - WARNING - MEETING NOT ACTIVE
2020-10-08 10:30:17,701 - root - WARNING - MEETING NOT ACTIVE
2020-10-08 10:30:37,702 - root - WARNING - MEETING NOT ACTIVE
2020-10-08 10:30:57,702 - root - WARNING - MEETING NOT ACTIVE
2020-10-08 10:31:17,702 - root - WARNING - MEETING NOT ACTIVE
2020-10-08 10:31:37,703 - root - WARNING - MEETING NOT ACTIVE
2020-10-08 10:31:57,704 - root - WARNING - MEETING NOT ACTIVE
2020-10-08 10:32:17,705 - root - WARNING - MEETING NOT ACTIVE
2020-10-08 10:32:37,706 - root - WARNING - MEETING NOT ACTIVE
2020-10-08 10:32:57,707 - root - WARNING - MEETING NOT ACTIVE
2020-10-08 10:33:17,707 - root - WARNING - MEETING NOT ACTIVE
2020-10-08 10:33:37,708 - root - WARNING - MEETING NOT ACTIVE
2020-10-08 10:33:57,708 - root - WARNING - MEETING NOT ACTIVE
2020-10-08 10:34:17,710 - root - WARNING - MEETING NOT ACTIVE
2020-10-08 10:34:37,710 - root - WARNING - MEETING NOT ACTIVE
2020-10-08 10:34:57,711 - root - WARNING - MEETING NOT ACTIVE
2020-10-08 10:35:17,711 - root - WARNING - MEETING NOT ACTIVE
2020-10-08 10:35:37,712 - root - WARNING - MEETING NOT ACTIVE
2020-10-08 10:35:57,712 - root - WARNING - MEETING NOT ACTIVE
2020-10-08 10:36:17,714 - root - WARNING - MEETING NOT ACTIVE
2020-10-08 10:36:37,714 - root - WARNING - MEETING NOT ACTIVE
2020-10-08 10:36:57,714 - root - WARNING - MEETING NOT ACTIVE
2020-10-08 10:37:17,715 - root - WARNING - MEETING NOT ACTIVE
2020-10-08 10:37:37,716 - root - WARNING - MEETING NOT ACTIVE
2020-10-08 10:37:57,717 - root - WARNING - MEETING NOT ACTIVE
2020-10-08 10:38:17,718 - root - WARNING - MEETING NOT ACTIVE
2020-10-08 10:38:37,719 - root - WARNING - MEETING NOT ACTIVE
2020-10-08 10:38:57,719 - root - WARNING - MEETING NOT ACTIVE
2020-10-08 10:39:17,720 - root - WARNING - MEETING NOT ACTIVE
2020-10-08 10:39:37,721 - root - WARNING - MEETING NOT ACTIVE
2020-10-08 10:39:57,721 - root - WARNING - MEETING NOT ACTIVE
2020-10-08 10:40:17,721 - root - WARNING - MEETING NOT ACTIVE
2020-10-08 10:40:37,722 - root - WARNING - MEETING NOT ACTIVE
2020-10-08 10:40:57,723 - root - WARNING - MEETING NOT ACTIVE
2020-10-08 10:41:17,723 - root - WARNING - MEETING NOT ACTIVE
2020-10-08 10:41:37,724 - root - WARNING - MEETING NOT ACTIVE
2020-10-08 10:41:57,724 - root - WARNING - MEETING NOT ACTIVE
2020-10-08 10:42:17,725 - root - WARNING - MEETING NOT ACTIVE
2020-10-08 10:42:37,725 - root - WARNING - MEETING NOT ACTIVE
2020-10-08 10:42:57,726 - root - WARNING - MEETING NOT ACTIVE
2020-10-08 10:43:17,726 - root - WARNING - MEETING NOT ACTIVE
2020-10-08 10:43:37,727 - root - WARNING - MEETING NOT ACTIVE
2020-10-08 10:43:57,728 - root - WARNING - MEETING NOT ACTIVE
2020-10-08 10:44:17,728 - root - WARNING - MEETING NOT ACTIVE
2020-10-08 10:44:37,728 - root - WARNING - MEETING NOT ACTIVE
2020-10-08 10:44:57,729 - root - WARNING - MEETING NOT ACTIVE
2020-10-08 10:45:17,730 - root - WARNING - MEETING NOT ACTIVE
2020-10-08 10:45:37,731 - root - WARNING - MEETING NOT ACTIVE
2020-10-08 10:45:57,731 - root - WARNING - MEETING NOT ACTIVE
2020-10-08 10:46:17,732 - root - WARNING - MEETING NOT ACTIVE
2020-10-08 10:46:37,732 - root - WARNING - MEETING NOT ACTIVE
2020-10-08 10:46:57,733 - root - WARNING - MEETING NOT ACTIVE
2020-10-08 10:47:17,733 - root - WARNING - MEETING NOT ACTIVE
2020-10-08 10:47:37,734 - root - WARNING - MEETING NOT ACTIVE
2020-10-08 10:47:57,734 - root - WARNING - MEETING NOT ACTIVE
2020-10-08 10:48:17,734 - root - WARNING - MEETING NOT ACTIVE
2020-10-08 10:48:37,736 - root - WARNING - MEETING NOT ACTIVE
2020-10-08 10:48:57,737 - root - WARNING - MEETING NOT ACTIVE
2020-10-08 10:49:17,738 - root - WARNING - MEETING NOT ACTIVE
2020-10-08 10:49:37,738 - root - WARNING - MEETING NOT ACTIVE
2020-10-08 10:49:57,739 - root - WARNING - MEETING NOT ACTIVE
2020-10-08 10:50:17,739 - root - WARNING - MEETING NOT ACTIVE
2020-10-08 10:50:37,740 - root - WARNING - MEETING NOT ACTIVE
2020-10-08 10:50:57,741 - root - WARNING - MEETING NOT ACTIVE
2020-10-08 10:51:17,741 - root - WARNING - MEETING NOT ACTIVE
2020-10-08 10:51:37,741 - root - WARNING - MEETING NOT ACTIVE
2020-10-08 10:51:57,742 - root - WARNING - MEETING NOT ACTIVE
2020-10-08 10:52:17,743 - root - WARNING - MEETING NOT ACTIVE
2020-10-08 10:52:37,743 - root - WARNING - MEETING NOT ACTIVE
2020-10-08 10:52:57,745 - root - WARNING - MEETING NOT ACTIVE
2020-10-08 10:53:17,746 - root - WARNING - MEETING NOT ACTIVE
2020-10-08 10:53:37,747 - root - WARNING - MEETING NOT ACTIVE
2020-10-08 10:53:57,747 - root - WARNING - MEETING NOT ACTIVE
2020-10-08 10:54:17,747 - root - WARNING - MEETING NOT ACTIVE
2020-10-08 10:54:37,747 - root - WARNING - MEETING NOT ACTIVE
2020-10-08 10:54:57,749 - root - WARNING - MEETING NOT ACTIVE
2020-10-08 10:55:17,749 - root - WARNING - MEETING NOT ACTIVE
2020-10-08 10:55:37,751 - root - WARNING - MEETING NOT ACTIVE
2020-10-08 10:55:57,751 - root - WARNING - MEETING NOT ACTIVE
2020-10-08 10:56:17,752 - root - WARNING - MEETING NOT ACTIVE
2020-10-08 10:56:37,752 - root - WARNING - MEETING NOT ACTIVE
2020-10-08 10:56:57,753 - root - WARNING - MEETING NOT ACTIVE
2020-10-08 10:57:17,754 - root - WARNING - MEETING NOT ACTIVE
2020-10-08 10:57:37,755 - root - WARNING - MEETING NOT ACTIVE
2020-10-08 10:57:57,755 - root - WARNING - MEETING NOT ACTIVE
2020-10-08 10:58:17,755 - root - WARNING - MEETING NOT ACTIVE
2020-10-08 10:58:37,756 - root - WARNING - MEETING NOT ACTIVE
2020-10-08 10:58:57,757 - root - WARNING - MEETING NOT ACTIVE
2020-10-08 10:59:17,757 - root - WARNING - MEETING NOT ACTIVE
2020-10-08 10:59:37,758 - root - WARNING - MEETING NOT ACTIVE
2020-10-08 10:59:57,758 - root - WARNING - MEETING NOT ACTIVE
2020-10-08 11:00:17,759 - root - WARNING - MEETING NOT ACTIVE
2020-10-08 11:00:37,761 - root - WARNING - MEETING NOT ACTIVE
2020-10-08 11:00:57,762 - root - WARNING - MEETING NOT ACTIVE
2020-10-08 11:01:17,762 - root - WARNING - MEETING NOT ACTIVE
2020-10-08 11:01:37,762 - root - WARNING - MEETING NOT ACTIVE
2020-10-08 11:01:57,763 - root - WARNING - MEETING NOT ACTIVE
2020-10-08 11:02:17,764 - root - WARNING - MEETING NOT ACTIVE
2020-10-08 11:02:37,765 - root - WARNING - MEETING NOT ACTIVE
2020-10-08 11:02:57,766 - root - WARNING - MEETING NOT ACTIVE
2020-10-08 11:03:17,766 - root - WARNING - MEETING NOT ACTIVE
2020-10-08 11:03:37,767 - root - WARNING - MEETING NOT ACTIVE
2020-10-08 11:03:57,767 - root - WARNING - MEETING NOT ACTIVE
2020-10-08 11:04:17,768 - root - WARNING - MEETING NOT ACTIVE
2020-10-08 11:04:37,768 - root - WARNING - MEETING NOT ACTIVE
2020-10-08 11:04:57,769 - root - WARNING - MEETING NOT ACTIVE
2020-10-08 11:05:17,770 - root - WARNING - MEETING NOT ACTIVE
2020-10-08 11:05:37,771 - root - WARNING - MEETING NOT ACTIVE
2020-10-08 11:05:57,772 - root - WARNING - MEETING NOT ACTIVE
2020-10-08 11:06:17,772 - root - WARNING - MEETING NOT ACTIVE
2020-10-08 11:06:37,772 - root - WARNING - MEETING NOT ACTIVE
2020-10-08 11:06:57,774 - root - WARNING - MEETING NOT ACTIVE
2020-10-08 11:07:17,775 - root - WARNING - MEETING NOT ACTIVE
2020-10-08 11:07:37,776 - root - WARNING - MEETING NOT ACTIVE
2020-10-08 11:07:57,777 - root - WARNING - MEETING NOT ACTIVE
2020-10-08 11:08:17,777 - root - WARNING - MEETING NOT ACTIVE
2020-10-08 11:08:37,778 - root - WARNING - MEETING NOT ACTIVE
2020-10-08 11:08:57,779 - root - WARNING - MEETING NOT ACTIVE
2020-10-08 11:09:17,779 - root - WARNING - MEETING NOT ACTIVE
2020-10-08 11:09:37,780 - root - WARNING - MEETING NOT ACTIVE
2020-10-08 11:09:57,781 - root - WARNING - MEETING NOT ACTIVE
2020-10-08 11:10:17,782 - root - WARNING - MEETING NOT ACTIVE
2020-10-08 11:10:37,782 - root - WARNING - MEETING NOT ACTIVE
2020-10-08 11:10:57,782 - root - WARNING - MEETING NOT ACTIVE
2020-10-08 11:11:17,782 - root - WARNING - MEETING NOT ACTIVE
2020-10-08 11:11:37,783 - root - WARNING - MEETING NOT ACTIVE
2020-10-08 11:11:57,784 - root - WARNING - MEETING NOT ACTIVE
2020-10-08 11:12:17,785 - root - WARNING - MEETING NOT ACTIVE
2020-10-08 11:12:37,786 - root - WARNING - MEETING NOT ACTIVE
2020-10-08 11:12:57,786 - root - WARNING - MEETING NOT ACTIVE
2020-10-08 11:13:17,787 - root - WARNING - MEETING NOT ACTIVE
2020-10-08 11:13:37,787 - root - WARNING - MEETING NOT ACTIVE
2020-10-08 11:13:57,788 - root - WARNING - MEETING NOT ACTIVE
2020-10-08 11:14:17,788 - root - WARNING - MEETING NOT ACTIVE
2020-10-08 11:14:37,789 - root - WARNING - MEETING NOT ACTIVE
2020-10-08 11:14:57,790 - root - WARNING - MEETING NOT ACTIVE
2020-10-08 11:15:17,790 - root - WARNING - MEETING NOT ACTIVE
2020-10-08 11:15:37,790 - root - WARNING - MEETING NOT ACTIVE
2020-10-08 11:15:57,791 - root - WARNING - MEETING NOT ACTIVE
2020-10-08 11:16:17,791 - root - WARNING - MEETING NOT ACTIVE
2020-10-08 11:16:37,793 - root - WARNING - MEETING NOT ACTIVE
2020-10-08 11:16:57,794 - root - WARNING - MEETING NOT ACTIVE
2020-10-08 11:17:17,795 - root - WARNING - MEETING NOT ACTIVE
2020-10-08 11:17:37,795 - root - WARNING - MEETING NOT ACTIVE
2020-10-08 11:17:57,796 - root - WARNING - MEETING NOT ACTIVE
2020-10-08 11:18:17,796 - root - WARNING - MEETING NOT ACTIVE
2020-10-08 11:18:37,798 - root - WARNING - MEETING NOT ACTIVE
2020-10-08 11:18:57,798 - root - WARNING - MEETING NOT ACTIVE
2020-10-08 11:19:17,798 - root - WARNING - MEETING NOT ACTIVE
2020-10-08 11:19:37,798 - root - WARNING - MEETING NOT ACTIVE
2020-10-08 11:19:57,800 - root - WARNING - MEETING NOT ACTIVE
2020-10-08 11:20:17,800 - root - WARNING - MEETING NOT ACTIVE
2020-10-08 11:20:37,801 - root - WARNING - MEETING NOT ACTIVE
2020-10-08 11:20:57,802 - root - WARNING - MEETING NOT ACTIVE
2020-10-08 11:21:17,803 - root - WARNING - MEETING NOT ACTIVE
2020-10-08 11:21:37,804 - root - WARNING - MEETING NOT ACTIVE
2020-10-08 11:21:57,804 - root - WARNING - MEETING NOT ACTIVE
2020-10-08 11:22:17,804 - root - WARNING - MEETING NOT ACTIVE
2020-10-08 11:22:37,805 - root - WARNING - MEETING NOT ACTIVE
2020-10-08 11:22:57,806 - root - WARNING - MEETING NOT ACTIVE
2020-10-08 11:23:17,807 - root - WARNING - MEETING NOT ACTIVE
2020-10-08 11:23:37,808 - root - WARNING - MEETING NOT ACTIVE
2020-10-08 11:23:57,809 - root - WARNING - MEETING NOT ACTIVE
2020-10-08 11:24:17,810 - root - WARNING - MEETING NOT ACTIVE
2020-10-08 11:24:37,810 - root - WARNING - MEETING NOT ACTIVE
2020-10-08 11:24:57,811 - root - WARNING - MEETING NOT ACTIVE
2020-10-08 11:25:17,812 - root - WARNING - MEETING NOT ACTIVE
2020-10-08 11:25:37,812 - root - WARNING - MEETING NOT ACTIVE
2020-10-08 11:25:57,812 - root - WARNING - MEETING NOT ACTIVE
2020-10-08 11:26:17,813 - root - WARNING - MEETING NOT ACTIVE
2020-10-08 11:26:37,814 - root - WARNING - MEETING NOT ACTIVE
2020-10-08 11:26:57,815 - root - WARNING - MEETING NOT ACTIVE
2020-10-08 11:27:17,816 - root - WARNING - MEETING NOT ACTIVE
2020-10-08 11:27:37,817 - root - WARNING - MEETING NOT ACTIVE
2020-10-08 11:27:57,817 - root - WARNING - MEETING NOT ACTIVE
2020-10-08 11:28:17,818 - root - WARNING - MEETING NOT ACTIVE
2020-10-08 11:28:37,819 - root - WARNING - MEETING NOT ACTIVE
2020-10-08 11:28:57,822 - root - WARNING - MEETING NOT ACTIVE
2020-10-08 11:29:17,822 - root - WARNING - MEETING NOT ACTIVE
2020-10-08 11:29:37,824 - root - WARNING - MEETING NOT ACTIVE
2020-10-08 11:29:57,825 - root - WARNING - MEETING NOT ACTIVE
2020-10-08 11:30:17,825 - root - WARNING - MEETING NOT ACTIVE
2020-10-08 11:30:37,825 - root - WARNING - MEETING NOT ACTIVE
2020-10-08 11:35:01,878 - schedule - INFO - Running job Every 1 day at 11:35:00 do start('91518056936', '511008') (last run: [never], next run: 2020-10-08 11:35:00)
2020-10-08 11:35:01,878 - root - INFO - Join meeting function triggered
2020-10-08 11:35:35,061 - root - INFO - Nvidia recording stopped
